<?xml version="1.0" encoding="UTF-8"?>
<!-- Generated by org.testng.reporters.JUnitReportReporter -->
<testsuite hostname="ADS67" name="exe.StringSplits" tests="1" failures="0" timestamp="13 Jul 2017 12:17:39 GMT" time="0.031" errors="0">
  <testcase name="f" time="0.031" classname="exe.StringSplits"/>
</testsuite> <!-- exe.StringSplits -->
