<?xml version="1.0" encoding="UTF-8"?>
<!-- Generated by org.testng.reporters.JUnitReportReporter -->
<testsuite hostname="ADS67" name="exe.Fname" tests="1" failures="0" timestamp="13 Jul 2017 18:02:45 GMT" time="1.548" errors="0">
  <testcase name="HS_AEPCustomer_FirstName_Check_TC020" time="1.548" classname="exe.Fname"/>
</testsuite> <!-- exe.Fname -->
