<?xml version="1.0" encoding="UTF-8"?>
<!-- Generated by org.testng.reporters.JUnitReportReporter -->
<testsuite hostname="ADS67" name="exe.NewTest" tests="1" failures="0" timestamp="5 Jul 2017 05:19:13 GMT" time="3.619" errors="0">
  <testcase name="testEasy" time="3.619" classname="exe.NewTest"/>
</testsuite> <!-- exe.NewTest -->
