<?xml version="1.0" encoding="UTF-8"?>
<!-- Generated by org.testng.reporters.JUnitReportReporter -->
<testsuite hostname="ADS67" name="exe.Failure_Rec" tests="1" failures="0" timestamp="20 Jul 2017 10:38:33 GMT" time="1.367" errors="0">
  <testcase name="excelw1" time="1.367" classname="exe.Failure_Rec"/>
</testsuite> <!-- exe.Failure_Rec -->
