<?xml version="1.0" encoding="UTF-8"?>
<!-- Generated by org.testng.reporters.JUnitReportReporter -->
<testsuite hostname="ADS67" name="exe.HS_DataValidations" tests="2" failures="0" timestamp="29 Jun 2017 13:31:19 GMT" time="4.548" errors="0">
  <testcase name="Record_Type_AS_Debt_Delinquent_Letter" time="0.313" classname="exe.HS_DataValidations"/>
  <testcase name="Record_Type_AS_Debt_Cancel" time="4.235" classname="exe.HS_DataValidations"/>
</testsuite> <!-- exe.HS_DataValidations -->
