<?xml version="1.0" encoding="UTF-8"?>
<!-- Generated by org.testng.reporters.JUnitReportReporter -->
<testsuite hostname="ADS67" name="exe.ExcelRun" tests="1" failures="0" timestamp="14 Sep 2017 05:37:05 GMT" time="0.437" errors="0">
  <testcase name="f" time="0.437" classname="exe.ExcelRun"/>
</testsuite> <!-- exe.ExcelRun -->
