<?xml version="1.0" encoding="UTF-8"?>
<!-- Generated by org.testng.reporters.JUnitReportReporter -->
<testsuite hostname="ADS67" name="exe.HS_ConnCheck_TS001" tests="2" failures="0" timestamp="5 Jul 2017 05:19:13 GMT" time="0.798" errors="0">
  <testcase name="HS_DBConnCheck_TC001" time="0.063" classname="exe.HS_ConnCheck_TS001"/>
  <testcase name="HS_InputFileExistance_TC002" time="0.735" classname="exe.HS_ConnCheck_TS001"/>
</testsuite> <!-- exe.HS_ConnCheck_TS001 -->
