<?xml version="1.0" encoding="UTF-8"?>
<!-- Generated by org.testng.reporters.JUnitReportReporter -->
<testsuite hostname="ADS67" name="exe.HS_Record_Type_DataValidation" tests="3" failures="0" timestamp="29 Jun 2017 13:34:47 GMT" time="6.309" errors="0">
  <testcase name="Record_Type_AS_HS_DownGrade" time="0.247" classname="exe.HS_Record_Type_DataValidation"/>
  <testcase name="Record_Type_AS_Debt_Delinquent_Letter" time="0.297" classname="exe.HS_Record_Type_DataValidation"/>
  <testcase name="Record_Type_AS_Debt_Cancel" time="5.765" classname="exe.HS_Record_Type_DataValidation"/>
</testsuite> <!-- exe.HS_Record_Type_DataValidation -->
