<?xml version="1.0" encoding="UTF-8"?>
<!-- Generated by org.testng.reporters.JUnitReportReporter -->
<testsuite hostname="ADS67" name="exe.HS_ConnCheck_001" tests="2" failures="0" timestamp="30 Jun 2017 05:05:40 GMT" time="2.212" errors="0">
  <testcase name="InputFileExistance" time="1.152" classname="exe.HS_ConnCheck_001"/>
  <testcase name="DBConnCheck" time="1.060" classname="exe.HS_ConnCheck_001"/>
</testsuite> <!-- exe.HS_ConnCheck_001 -->
