<?xml version="1.0" encoding="UTF-8"?>
<!-- Generated by org.testng.reporters.JUnitReportReporter -->
<testsuite hostname="ADS67" name="exe.HS_TS001_ConnCheck" tests="2" failures="0" timestamp="21 Jul 2017 12:09:24 GMT" time="1.532" errors="0">
  <testcase name="HS_DBConnCheck_TC001" time="1.156" classname="exe.HS_TS001_ConnCheck"/>
  <testcase name="HS_InputFileExistance_TC002" time="0.376" classname="exe.HS_TS001_ConnCheck"/>
</testsuite> <!-- exe.HS_TS001_ConnCheck -->
