<?xml version="1.0" encoding="UTF-8"?>
<!-- Generated by org.testng.reporters.JUnitReportReporter -->
<testsuite hostname="ADS67" name="exe.test123" tests="1" failures="0" timestamp="13 Jul 2017 05:18:35 GMT" time="0.895" errors="0">
  <testcase name="HS_Record_Type_AS_Debt_Cancel_TC004" time="0.895" classname="exe.test123"/>
</testsuite> <!-- exe.test123 -->
