<?xml version="1.0" encoding="UTF-8"?>
<!-- Generated by org.testng.reporters.JUnitReportReporter -->
<testsuite hostname="ADS67" name="exe.NewTest" tests="1" failures="0" timestamp="27 Jun 2017 05:25:35 GMT" time="3.489" errors="0">
  <testcase name="testEasy" time="3.489" classname="exe.NewTest"/>
</testsuite> <!-- exe.NewTest -->
