<?xml version="1.0" encoding="UTF-8"?>
<!-- Generated by org.testng.reporters.JUnitReportReporter -->
<testsuite hostname="ADS67" name="exe.ExcelRun" tests="1" failures="0" timestamp="14 Sep 2017 06:42:42 GMT" time="0.417" errors="0">
  <testcase name="TestRunFinalProcess" time="0.417" classname="exe.ExcelRun"/>
</testsuite> <!-- exe.ExcelRun -->
